<?xml version="1.0" encoding="UTF-8"?>
<!-- Generated by org.testng.reporters.JUnitReportReporter -->
<testsuite hostname="QB-IPL-2364" failures="0" tests="1" name="roshnatest1.eCommerce_TC1" time="22.131" errors="0" timestamp="2023-07-18T00:57:16 BST" skipped="0">
  <testcase classname="roshnatest1.eCommerce_TC1" name="Fillform" time="22.131"/>
</testsuite> <!-- roshnatest1.eCommerce_TC1 -->
