<?xml version="1.0" encoding="UTF-8"?>
<!-- Generated by org.testng.reporters.JUnitReportReporter -->
<testsuite hostname="QB-IPL-2364" failures="0" tests="1" name="roshnatest1.AppiumBasics" time="7.230" errors="0" timestamp="2023-07-17T09:01:08 BST" skipped="0">
  <testcase classname="roshnatest1.AppiumBasics" name="dragdrop" time="7.230"/>
</testsuite> <!-- roshnatest1.AppiumBasics -->
