<?xml version="1.0" encoding="UTF-8"?>
<!-- Generated by org.testng.reporters.JUnitReportReporter -->
<testsuite hostname="QB-IPL-2364" failures="0" tests="1" name="roshnatest1.eCommerce_TC_totalvalidation" time="23.272" errors="0" timestamp="2023-07-18T02:48:16 BST" skipped="0">
  <testcase classname="roshnatest1.eCommerce_TC_totalvalidation" name="Fillform" time="23.272"/>
</testsuite> <!-- roshnatest1.eCommerce_TC_totalvalidation -->
